0 info it worked if it ends with ok
1 verbose cli [ 'C:\\Program Files\\nodejs\\node.exe',
1 verbose cli   'C:\\Program Files\\nodejs\\node_modules\\npm\\bin\\npm-cli.js',
1 verbose cli   'install',
1 verbose cli   '-g',
1 verbose cli   'imagemagick',
1 verbose cli   'ghostscript',
1 verbose cli   'poppler-utils' ]
2 info using npm@2.14.4
3 info using node@v4.1.1
4 verbose install initial load of C:\Users\SangDao\AppData\Roaming\npm\package.json
5 verbose readDependencies loading dependencies from C:\Users\SangDao\AppData\Roaming\npm\package.json
6 silly cache add args [ 'imagemagick', null ]
7 verbose cache add spec imagemagick
8 silly cache add args [ 'ghostscript', null ]
9 verbose cache add spec ghostscript
10 silly cache add args [ 'poppler-utils', null ]
11 verbose cache add spec poppler-utils
12 silly cache add parsed spec Result {
12 silly cache add   raw: 'imagemagick',
12 silly cache add   scope: null,
12 silly cache add   name: 'imagemagick',
12 silly cache add   rawSpec: '',
12 silly cache add   spec: '*',
12 silly cache add   type: 'range' }
13 silly addNamed imagemagick@*
14 verbose addNamed "*" is a valid semver range for imagemagick
15 silly addNameRange { name: 'imagemagick', range: '*', hasData: false }
16 silly mapToRegistry name imagemagick
17 silly mapToRegistry using default registry
18 silly mapToRegistry registry https://registry.npmjs.org/
19 silly mapToRegistry uri https://registry.npmjs.org/imagemagick
20 verbose addNameRange registry:https://registry.npmjs.org/imagemagick not in flight; fetching
21 silly cache add parsed spec Result {
21 silly cache add   raw: 'ghostscript',
21 silly cache add   scope: null,
21 silly cache add   name: 'ghostscript',
21 silly cache add   rawSpec: '',
21 silly cache add   spec: '*',
21 silly cache add   type: 'range' }
22 silly addNamed ghostscript@*
23 verbose addNamed "*" is a valid semver range for ghostscript
24 silly addNameRange { name: 'ghostscript', range: '*', hasData: false }
25 silly mapToRegistry name ghostscript
26 silly mapToRegistry using default registry
27 silly mapToRegistry registry https://registry.npmjs.org/
28 silly mapToRegistry uri https://registry.npmjs.org/ghostscript
29 verbose addNameRange registry:https://registry.npmjs.org/ghostscript not in flight; fetching
30 silly cache add parsed spec Result {
30 silly cache add   raw: 'poppler-utils',
30 silly cache add   scope: null,
30 silly cache add   name: 'poppler-utils',
30 silly cache add   rawSpec: '',
30 silly cache add   spec: '*',
30 silly cache add   type: 'range' }
31 silly addNamed poppler-utils@*
32 verbose addNamed "*" is a valid semver range for poppler-utils
33 silly addNameRange { name: 'poppler-utils', range: '*', hasData: false }
34 silly mapToRegistry name poppler-utils
35 silly mapToRegistry using default registry
36 silly mapToRegistry registry https://registry.npmjs.org/
37 silly mapToRegistry uri https://registry.npmjs.org/poppler-utils
38 verbose addNameRange registry:https://registry.npmjs.org/poppler-utils not in flight; fetching
39 verbose request uri https://registry.npmjs.org/ghostscript
40 verbose request no auth needed
41 info attempt registry request try #1 at 10:15:13 AM
42 verbose request id 6259bfb616d06246
43 http request GET https://registry.npmjs.org/ghostscript
44 verbose request uri https://registry.npmjs.org/poppler-utils
45 verbose request no auth needed
46 info attempt registry request try #1 at 10:15:13 AM
47 http request GET https://registry.npmjs.org/poppler-utils
48 verbose request uri https://registry.npmjs.org/imagemagick
49 verbose request no auth needed
50 info attempt registry request try #1 at 10:15:13 AM
51 verbose etag "87TIH9UJH4FUG1FNBRQGY8DBX"
52 http request GET https://registry.npmjs.org/imagemagick
53 http 404 https://registry.npmjs.org/ghostscript
54 verbose headers { 'content-type': 'application/json',
54 verbose headers   'cache-control': 'max-age=0',
54 verbose headers   'content-length': '2',
54 verbose headers   'accept-ranges': 'bytes',
54 verbose headers   date: 'Tue, 10 Nov 2015 03:15:14 GMT',
54 verbose headers   via: '1.1 varnish',
54 verbose headers   age: '0',
54 verbose headers   connection: 'keep-alive',
54 verbose headers   'x-served-by': 'cache-lax1426-LAX',
54 verbose headers   'x-cache': 'MISS',
54 verbose headers   'x-cache-hits': '0',
54 verbose headers   'x-timer': 'S1447125314.342848,VS0,VE60' }
55 silly get cb [ 404,
55 silly get   { 'content-type': 'application/json',
55 silly get     'cache-control': 'max-age=0',
55 silly get     'content-length': '2',
55 silly get     'accept-ranges': 'bytes',
55 silly get     date: 'Tue, 10 Nov 2015 03:15:14 GMT',
55 silly get     via: '1.1 varnish',
55 silly get     age: '0',
55 silly get     connection: 'keep-alive',
55 silly get     'x-served-by': 'cache-lax1426-LAX',
55 silly get     'x-cache': 'MISS',
55 silly get     'x-cache-hits': '0',
55 silly get     'x-timer': 'S1447125314.342848,VS0,VE60' } ]
56 http 404 https://registry.npmjs.org/poppler-utils
57 verbose headers { 'content-type': 'application/json',
57 verbose headers   'cache-control': 'max-age=0',
57 verbose headers   'content-length': '2',
57 verbose headers   'accept-ranges': 'bytes',
57 verbose headers   date: 'Tue, 10 Nov 2015 03:15:14 GMT',
57 verbose headers   via: '1.1 varnish',
57 verbose headers   age: '0',
57 verbose headers   connection: 'keep-alive',
57 verbose headers   'x-served-by': 'cache-lax1433-LAX',
57 verbose headers   'x-cache': 'MISS',
57 verbose headers   'x-cache-hits': '0',
57 verbose headers   'x-timer': 'S1447125314.341875,VS0,VE78' }
58 silly get cb [ 404,
58 silly get   { 'content-type': 'application/json',
58 silly get     'cache-control': 'max-age=0',
58 silly get     'content-length': '2',
58 silly get     'accept-ranges': 'bytes',
58 silly get     date: 'Tue, 10 Nov 2015 03:15:14 GMT',
58 silly get     via: '1.1 varnish',
58 silly get     age: '0',
58 silly get     connection: 'keep-alive',
58 silly get     'x-served-by': 'cache-lax1433-LAX',
58 silly get     'x-cache': 'MISS',
58 silly get     'x-cache-hits': '0',
58 silly get     'x-timer': 'S1447125314.341875,VS0,VE78' } ]
59 http 200 https://registry.npmjs.org/imagemagick
60 silly get cb [ 200,
60 silly get   { server: 'CouchDB/1.5.0 (Erlang OTP/R16B03)',
60 silly get     etag: '"83IXIDPK57SCKZTBNUXDHEOOD"',
60 silly get     'content-type': 'application/json',
60 silly get     'cache-control': 'max-age=60',
60 silly get     'content-length': '8589',
60 silly get     'accept-ranges': 'bytes',
60 silly get     date: 'Tue, 10 Nov 2015 03:15:14 GMT',
60 silly get     via: '1.1 varnish',
60 silly get     age: '0',
60 silly get     connection: 'keep-alive',
60 silly get     'x-served-by': 'cache-lax1433-LAX',
60 silly get     'x-cache': 'HIT',
60 silly get     'x-cache-hits': '1',
60 silly get     'x-timer': 'S1447125314.352788,VS0,VE201',
60 silly get     vary: 'Accept' } ]
61 verbose get saving imagemagick to C:\Users\SangDao\AppData\Roaming\npm-cache\registry.npmjs.org\imagemagick\.cache.json
62 silly addNameRange number 2 { name: 'imagemagick', range: '*', hasData: true }
63 silly addNameRange versions [ 'imagemagick', [ '0.1.0', '0.1.1', '0.1.2', '0.1.3' ] ]
64 silly addNamed imagemagick@0.1.3
65 verbose addNamed "0.1.3" is a plain semver version for imagemagick
66 silly cache afterAdd imagemagick@0.1.3
67 verbose afterAdd C:\Users\SangDao\AppData\Roaming\npm-cache\imagemagick\0.1.3\package\package.json not in flight; writing
68 verbose afterAdd C:\Users\SangDao\AppData\Roaming\npm-cache\imagemagick\0.1.3\package\package.json written
69 verbose stack Error: Registry returned 404 for GET on https://registry.npmjs.org/ghostscript
69 verbose stack     at makeError (C:\Program Files\nodejs\node_modules\npm\node_modules\npm-registry-client\lib\request.js:263:12)
69 verbose stack     at CachingRegistryClient.<anonymous> (C:\Program Files\nodejs\node_modules\npm\node_modules\npm-registry-client\lib\request.js:241:14)
69 verbose stack     at Request._callback (C:\Program Files\nodejs\node_modules\npm\node_modules\npm-registry-client\lib\request.js:171:14)
69 verbose stack     at Request.self.callback (C:\Program Files\nodejs\node_modules\npm\node_modules\request\request.js:198:22)
69 verbose stack     at emitTwo (events.js:87:13)
69 verbose stack     at Request.emit (events.js:172:7)
69 verbose stack     at Request.<anonymous> (C:\Program Files\nodejs\node_modules\npm\node_modules\request\request.js:1073:14)
69 verbose stack     at emitOne (events.js:82:20)
69 verbose stack     at Request.emit (events.js:169:7)
69 verbose stack     at IncomingMessage.<anonymous> (C:\Program Files\nodejs\node_modules\npm\node_modules\request\request.js:1019:12)
70 verbose statusCode 404
71 verbose pkgid ghostscript
72 verbose cwd E:\Sang\Projects\201508_OnTarget\ontarget\Code\src
73 error Windows_NT 10.0.10240
74 error argv "C:\\Program Files\\nodejs\\node.exe" "C:\\Program Files\\nodejs\\node_modules\\npm\\bin\\npm-cli.js" "install" "-g" "imagemagick" "ghostscript" "poppler-utils"
75 error node v4.1.1
76 error npm  v2.14.4
77 error code E404
78 error 404 Registry returned 404 for GET on https://registry.npmjs.org/ghostscript
78 error 404
78 error 404 'ghostscript' is not in the npm registry.
78 error 404 You should bug the author to publish it (or use the name yourself!)
78 error 404
78 error 404 Note that you can also install from a
78 error 404 tarball, folder, http url, or git url.
79 verbose exit [ 1, true ]
